InnoDB: using atomic writes.
2020-12-06 23:30:22 0 [Note] InnoDB: Uses event mutexes
2020-12-06 23:30:22 0 [Note] InnoDB: Compressed tables use zlib 1.2.11
2020-12-06 23:30:22 0 [Note] InnoDB: Number of pools: 1
2020-12-06 23:30:22 0 [Note] InnoDB: Using crc32 + pclmulqdq instructions
2020-12-06 23:30:22 0 [Note] InnoDB: Initializing buffer pool, total size = 2147483648, chunk size = 134217728
2020-12-06 23:30:23 0 [Note] InnoDB: Completed initialization of buffer pool
2020-12-06 23:30:23 0 [Note] InnoDB: 128 rollback segments are active.
2020-12-06 23:30:23 0 [Note] InnoDB: Creating shared tablespace for temporary tables
2020-12-06 23:30:23 0 [Note] InnoDB: Setting file '.\ibtmp1' size to 12 MB. Physically writing the file full; Please wait ...
2020-12-06 23:30:23 0 [Note] InnoDB: File '.\ibtmp1' size is now 12 MB.
2020-12-06 23:30:23 0 [Note] InnoDB: 10.5.8 started; log sequence number 45118; transaction id 20
2020-12-06 23:30:23 0 [Note] Plugin 'FEEDBACK' is disabled.
2020-12-06 23:30:23 0 [Note] InnoDB: Loading buffer pool(s) from C:\Program Files\MariaDB 10.5\data\ib_buffer_pool
2020-12-06 23:30:23 0 [Note] Server socket created on IP: '::'.
2020-12-06 23:30:23 0 [Note] InnoDB: Buffer pool(s) load completed at 201206 23:30:23
2020-12-06 23:30:23 0 [Note] Reading of all Master_info entries succeeded
2020-12-06 23:30:23 0 [Note] Added new Master_info '' to hash table
2020-12-06 23:30:23 0 [Note] C:\Program Files\MariaDB 10.5\bin\mysqld.exe: ready for connections.
Version: '10.5.8-MariaDB'  socket: ''  port: 3306  mariadb.org binary distribution
2020-12-07 19:24:48 5 [Warning] Access denied for user 'root'@'localhost' (using password: NO)
2020-12-08 23:00:42 0 [Note] C:\Program Files\MariaDB 10.5\bin\mysqld.exe (initiated by: unknown): Normal shutdown
2020-12-08 23:00:42 0 [Note] Event Scheduler: Purging the queue. 0 events
2020-12-08 23:00:42 0 [Note] InnoDB: FTS optimize thread exiting.
2020-12-08 23:00:42 0 [Note] InnoDB: Starting shutdown...
2020-12-08 23:00:42 0 [Note] InnoDB: Dumping buffer pool(s) to C:\Program Files\MariaDB 10.5\data\ib_buffer_pool
2020-12-08 23:00:42 0 [Note] InnoDB: Buffer pool(s) dump completed at 201208 23:00:42
2020-12-08 23:00:42 0 [Note] InnoDB: Shutdown completed; log sequence number 47181; transaction id 28
2020-12-08 23:00:42 0 [Note] InnoDB: Removed temporary tablespace data file: "ibtmp1"
2020-12-08 23:00:42 0 [Note] C:\Program Files\MariaDB 10.5\bin\mysqld.exe: Shutdown complete

InnoDB: using atomic writes.
2020-12-08 23:01:20 0 [Note] InnoDB: Uses event mutexes
2020-12-08 23:01:20 0 [Note] InnoDB: Compressed tables use zlib 1.2.11
2020-12-08 23:01:20 0 [Note] InnoDB: Number of pools: 1
2020-12-08 23:01:20 0 [Note] InnoDB: Using crc32 + pclmulqdq instructions
2020-12-08 23:01:20 0 [Note] InnoDB: Initializing buffer pool, total size = 2147483648, chunk size = 134217728
2020-12-08 23:01:20 0 [Note] InnoDB: Completed initialization of buffer pool
2020-12-08 23:01:21 0 [Note] InnoDB: 128 rollback segments are active.
2020-12-08 23:01:21 0 [Note] InnoDB: Creating shared tablespace for temporary tables
2020-12-08 23:01:21 0 [Note] InnoDB: Setting file '.\ibtmp1' size to 12 MB. Physically writing the file full; Please wait ...
2020-12-08 23:01:21 0 [Note] InnoDB: File '.\ibtmp1' size is now 12 MB.
2020-12-08 23:01:21 0 [Note] InnoDB: 10.5.8 started; log sequence number 47181; transaction id 28
2020-12-08 23:01:21 0 [Note] InnoDB: Loading buffer pool(s) from C:\Program Files\MariaDB 10.5\data\ib_buffer_pool
2020-12-08 23:01:21 0 [Note] Plugin 'FEEDBACK' is disabled.
2020-12-08 23:01:21 0 [Note] InnoDB: Buffer pool(s) load completed at 201208 23:01:21
2020-12-08 23:01:21 0 [Note] Server socket created on IP: '::'.
2020-12-08 23:01:21 0 [Note] Reading of all Master_info entries succeeded
2020-12-08 23:01:21 0 [Note] Added new Master_info '' to hash table
2020-12-08 23:01:21 0 [Note] C:\Program Files\MariaDB 10.5\bin\mysqld.exe: ready for connections.
Version: '10.5.8-MariaDB'  socket: ''  port: 3306  mariadb.org binary distribution
2020-12-09 21:11:30 0 [Note] C:\Program Files\MariaDB 10.5\bin\mysqld.exe (initiated by: unknown): Normal shutdown
2020-12-09 21:11:30 0 [Note] Event Scheduler: Purging the queue. 0 events
2020-12-09 21:11:30 0 [Note] InnoDB: FTS optimize thread exiting.
2020-12-09 21:11:30 0 [Note] InnoDB: Starting shutdown...
2020-12-09 21:11:30 0 [Note] InnoDB: Dumping buffer pool(s) to C:\Program Files\MariaDB 10.5\data\ib_buffer_pool
2020-12-09 21:11:30 0 [Note] InnoDB: Buffer pool(s) dump completed at 201209 21:11:30
2020-12-09 21:11:30 0 [Note] InnoDB: Shutdown completed; log sequence number 47193; transaction id 29
2020-12-09 21:11:30 0 [Note] InnoDB: Removed temporary tablespace data file: "ibtmp1"
2020-12-09 21:11:30 0 [Note] C:\Program Files\MariaDB 10.5\bin\mysqld.exe: Shutdown complete

InnoDB: using atomic writes.
2020-12-09 21:12:03 0 [Note] InnoDB: Uses event mutexes
2020-12-09 21:12:03 0 [Note] InnoDB: Compressed tables use zlib 1.2.11
2020-12-09 21:12:03 0 [Note] InnoDB: Number of pools: 1
2020-12-09 21:12:03 0 [Note] InnoDB: Using crc32 + pclmulqdq instructions
2020-12-09 21:12:03 0 [Note] InnoDB: Initializing buffer pool, total size = 2147483648, chunk size = 134217728
2020-12-09 21:12:03 0 [Note] InnoDB: Completed initialization of buffer pool
2020-12-09 21:12:03 0 [Note] InnoDB: 128 rollback segments are active.
2020-12-09 21:12:03 0 [Note] InnoDB: Creating shared tablespace for temporary tables
2020-12-09 21:12:03 0 [Note] InnoDB: Setting file '.\ibtmp1' size to 12 MB. Physically writing the file full; Please wait ...
2020-12-09 21:12:03 0 [Note] InnoDB: File '.\ibtmp1' size is now 12 MB.
2020-12-09 21:12:03 0 [Note] InnoDB: 10.5.8 started; log sequence number 47193; transaction id 28
2020-12-09 21:12:03 0 [Note] InnoDB: Loading buffer pool(s) from C:\Program Files\MariaDB 10.5\data\ib_buffer_pool
2020-12-09 21:12:03 0 [Note] Plugin 'FEEDBACK' is disabled.
2020-12-09 21:12:03 0 [Note] InnoDB: Buffer pool(s) load completed at 201209 21:12:03
2020-12-09 21:12:03 0 [Note] Server socket created on IP: '::'.
2020-12-09 21:12:04 0 [Note] Reading of all Master_info entries succeeded
2020-12-09 21:12:04 0 [Note] Added new Master_info '' to hash table
2020-12-09 21:12:04 0 [Note] C:\Program Files\MariaDB 10.5\bin\mysqld.exe: ready for connections.
Version: '10.5.8-MariaDB'  socket: ''  port: 3306  mariadb.org binary distribution
InnoDB: using atomic writes.
2020-12-21 20:13:24 0 [Note] InnoDB: Uses event mutexes
2020-12-21 20:13:24 0 [Note] InnoDB: Compressed tables use zlib 1.2.11
2020-12-21 20:13:24 0 [Note] InnoDB: Number of pools: 1
2020-12-21 20:13:24 0 [Note] InnoDB: Using crc32 + pclmulqdq instructions
2020-12-21 20:13:24 0 [Note] InnoDB: Initializing buffer pool, total size = 2147483648, chunk size = 134217728
2020-12-21 20:13:24 0 [Note] InnoDB: Completed initialization of buffer pool
2020-12-21 20:13:24 0 [Note] InnoDB: Starting crash recovery from checkpoint LSN=47193,47193
2020-12-21 20:13:24 0 [Note] InnoDB: 128 rollback segments are active.
2020-12-21 20:13:24 0 [Note] InnoDB: Removed temporary tablespace data file: "ibtmp1"
2020-12-21 20:13:24 0 [Note] InnoDB: Creating shared tablespace for temporary tables
2020-12-21 20:13:24 0 [Note] InnoDB: Setting file '.\ibtmp1' size to 12 MB. Physically writing the file full; Please wait ...
2020-12-21 20:13:24 0 [Note] InnoDB: File '.\ibtmp1' size is now 12 MB.
2020-12-21 20:13:24 0 [Note] InnoDB: 10.5.8 started; log sequence number 47205; transaction id 28
2020-12-21 20:13:24 0 [Note] InnoDB: Loading buffer pool(s) from C:\Program Files\MariaDB 10.5\data\ib_buffer_pool
2020-12-21 20:13:24 0 [Note] Plugin 'FEEDBACK' is disabled.
2020-12-21 20:13:24 0 [Note] Server socket created on IP: '::'.
2020-12-21 20:13:24 0 [Note] InnoDB: Buffer pool(s) load completed at 201221 20:13:24
2020-12-21 20:13:24 0 [Note] Reading of all Master_info entries succeeded
2020-12-21 20:13:24 0 [Note] Added new Master_info '' to hash table
2020-12-21 20:13:24 0 [Note] C:\Program Files\MariaDB 10.5\bin\mysqld.exe: ready for connections.
Version: '10.5.8-MariaDB'  socket: ''  port: 3306  mariadb.org binary distribution
2020-12-21 20:14:51 0 [Note] C:\Program Files\MariaDB 10.5\bin\mysqld.exe (initiated by: unknown): Normal shutdown
2020-12-21 20:14:51 0 [Note] Event Scheduler: Purging the queue. 0 events
2020-12-21 20:14:51 0 [Note] InnoDB: FTS optimize thread exiting.
2020-12-21 20:14:51 0 [Note] InnoDB: Starting shutdown...
2020-12-21 20:14:51 0 [Note] InnoDB: Dumping buffer pool(s) to C:\Program Files\MariaDB 10.5\data\ib_buffer_pool
2020-12-21 20:14:51 0 [Note] InnoDB: Buffer pool(s) dump completed at 201221 20:14:51
2020-12-21 20:14:52 0 [Note] InnoDB: Shutdown completed; log sequence number 47217; transaction id 29
2020-12-21 20:14:52 0 [Note] InnoDB: Removed temporary tablespace data file: "ibtmp1"
2020-12-21 20:14:52 0 [Note] C:\Program Files\MariaDB 10.5\bin\mysqld.exe: Shutdown complete

InnoDB: using atomic writes.
2020-12-21 20:15:23 0 [Note] InnoDB: Uses event mutexes
2020-12-21 20:15:23 0 [Note] InnoDB: Compressed tables use zlib 1.2.11
2020-12-21 20:15:23 0 [Note] InnoDB: Number of pools: 1
2020-12-21 20:15:23 0 [Note] InnoDB: Using crc32 + pclmulqdq instructions
2020-12-21 20:15:23 0 [Note] InnoDB: Initializing buffer pool, total size = 2147483648, chunk size = 134217728
2020-12-21 20:15:23 0 [Note] InnoDB: Completed initialization of buffer pool
2020-12-21 20:15:23 0 [Note] InnoDB: 128 rollback segments are active.
2020-12-21 20:15:23 0 [Note] InnoDB: Creating shared tablespace for temporary tables
2020-12-21 20:15:23 0 [Note] InnoDB: Setting file '.\ibtmp1' size to 12 MB. Physically writing the file full; Please wait ...
2020-12-21 20:15:23 0 [Note] InnoDB: File '.\ibtmp1' size is now 12 MB.
2020-12-21 20:15:23 0 [Note] InnoDB: 10.5.8 started; log sequence number 47217; transaction id 28
2020-12-21 20:15:23 0 [Note] Plugin 'FEEDBACK' is disabled.
2020-12-21 20:15:23 0 [Note] InnoDB: Loading buffer pool(s) from C:\Program Files\MariaDB 10.5\data\ib_buffer_pool
2020-12-21 20:15:23 0 [Note] InnoDB: Buffer pool(s) load completed at 201221 20:15:23
2020-12-21 20:15:23 0 [Note] Server socket created on IP: '::'.
2020-12-21 20:15:23 0 [Note] Reading of all Master_info entries succeeded
2020-12-21 20:15:23 0 [Note] Added new Master_info '' to hash table
2020-12-21 20:15:23 0 [Note] C:\Program Files\MariaDB 10.5\bin\mysqld.exe: ready for connections.
Version: '10.5.8-MariaDB'  socket: ''  port: 3306  mariadb.org binary distribution
2021-01-05 15:07:40 3 [Warning] Access denied for user 'root'@'localhost' (using password: NO)
2021-01-05 15:08:00 5 [Warning] Access denied for user 'root'@'localhost' (using password: YES)
2021-01-11  0:29:30 12 [Warning] Access denied for user ''@'shengj1-5520.rose-hulman.edu' (using password: NO)
2021-01-11  0:29:41 13 [Warning] Access denied for user ''@'shengj1-5520.rose-hulman.edu' (using password: NO)
2021-01-12 22:44:35 17 [Warning] Access denied for user 'root'@'localhost' (using password: NO)
2021-01-15 17:20:44 0 [Note] C:\Program Files\MariaDB 10.5\bin\mysqld.exe (initiated by: unknown): Normal shutdown
2021-01-15 17:20:44 0 [Note] Event Scheduler: Purging the queue. 0 events
2021-01-15 17:20:44 0 [Note] InnoDB: FTS optimize thread exiting.
2021-01-15 17:20:44 0 [Note] InnoDB: Starting shutdown...
2021-01-15 17:20:44 0 [Note] InnoDB: Dumping buffer pool(s) to C:\Program Files\MariaDB 10.5\data\ib_buffer_pool
2021-01-15 17:20:44 0 [Note] InnoDB: Buffer pool(s) dump completed at 210115 17:20:44
2021-01-15 17:20:45 0 [Note] InnoDB: Shutdown completed; log sequence number 67909; transaction id 94
2021-01-15 17:20:45 0 [Note] InnoDB: Removed temporary tablespace data file: "ibtmp1"
2021-01-15 17:20:45 0 [Note] C:\Program Files\MariaDB 10.5\bin\mysqld.exe: Shutdown complete

InnoDB: using atomic writes.
2021-01-15 17:21:27 0 [Note] InnoDB: Uses event mutexes
2021-01-15 17:21:27 0 [Note] InnoDB: Compressed tables use zlib 1.2.11
2021-01-15 17:21:27 0 [Note] InnoDB: Number of pools: 1
2021-01-15 17:21:27 0 [Note] InnoDB: Using crc32 + pclmulqdq instructions
2021-01-15 17:21:27 0 [Note] InnoDB: Initializing buffer pool, total size = 2147483648, chunk size = 134217728
2021-01-15 17:21:27 0 [Note] InnoDB: Completed initialization of buffer pool
2021-01-15 17:21:27 0 [Note] InnoDB: 128 rollback segments are active.
2021-01-15 17:21:27 0 [Note] InnoDB: Creating shared tablespace for temporary tables
2021-01-15 17:21:27 0 [Note] InnoDB: Setting file '.\ibtmp1' size to 12 MB. Physically writing the file full; Please wait ...
2021-01-15 17:21:27 0 [Note] InnoDB: File '.\ibtmp1' size is now 12 MB.
2021-01-15 17:21:27 0 [Note] InnoDB: 10.5.8 started; log sequence number 67909; transaction id 95
2021-01-15 17:21:27 0 [Note] Plugin 'FEEDBACK' is disabled.
2021-01-15 17:21:27 0 [Note] InnoDB: Loading buffer pool(s) from C:\Program Files\MariaDB 10.5\data\ib_buffer_pool
2021-01-15 17:21:27 0 [Note] Server socket created on IP: '::'.
2021-01-15 17:21:27 0 [Note] InnoDB: Buffer pool(s) load completed at 210115 17:21:27
2021-01-15 17:21:27 0 [Note] Reading of all Master_info entries succeeded
2021-01-15 17:21:27 0 [Note] Added new Master_info '' to hash table
2021-01-15 17:21:27 0 [Note] C:\Program Files\MariaDB 10.5\bin\mysqld.exe: ready for connections.
Version: '10.5.8-MariaDB'  socket: ''  port: 3306  mariadb.org binary distribution
InnoDB: using atomic writes.
2021-01-19 11:25:11 0 [Note] InnoDB: Uses event mutexes
2021-01-19 11:25:11 0 [Note] InnoDB: Compressed tables use zlib 1.2.11
2021-01-19 11:25:11 0 [Note] InnoDB: Number of pools: 1
2021-01-19 11:25:11 0 [Note] InnoDB: Using crc32 + pclmulqdq instructions
2021-01-19 11:25:11 0 [Note] InnoDB: Initializing buffer pool, total size = 2147483648, chunk size = 134217728
2021-01-19 11:25:12 0 [Note] InnoDB: Completed initialization of buffer pool
2021-01-19 11:25:12 0 [Note] InnoDB: Starting crash recovery from checkpoint LSN=67909,67909
2021-01-19 11:25:12 0 [Note] InnoDB: 128 rollback segments are active.
2021-01-19 11:25:12 0 [Note] InnoDB: Removed temporary tablespace data file: "ibtmp1"
2021-01-19 11:25:12 0 [Note] InnoDB: Creating shared tablespace for temporary tables
2021-01-19 11:25:12 0 [Note] InnoDB: Setting file '.\ibtmp1' size to 12 MB. Physically writing the file full; Please wait ...
2021-01-19 11:25:12 0 [Note] InnoDB: File '.\ibtmp1' size is now 12 MB.
2021-01-19 11:25:12 0 [Note] InnoDB: 10.5.8 started; log sequence number 67921; transaction id 95
2021-01-19 11:25:12 0 [Note] Plugin 'FEEDBACK' is disabled.
2021-01-19 11:25:12 0 [Note] InnoDB: Loading buffer pool(s) from C:\Program Files\MariaDB 10.5\data\ib_buffer_pool
2021-01-19 11:25:12 0 [Note] InnoDB: Buffer pool(s) load completed at 210119 11:25:12
2021-01-19 11:25:12 0 [Note] Server socket created on IP: '::'.
2021-01-19 11:25:12 0 [Note] Reading of all Master_info entries succeeded
2021-01-19 11:25:12 0 [Note] Added new Master_info '' to hash table
2021-01-19 11:25:12 0 [Note] C:\Program Files\MariaDB 10.5\bin\mysqld.exe: ready for connections.
Version: '10.5.8-MariaDB'  socket: ''  port: 3306  mariadb.org binary distribution
2021-01-22 15:02:19 0 [Note] C:\Program Files\MariaDB 10.5\bin\mysqld.exe (initiated by: unknown): Normal shutdown
2021-01-22 15:02:19 0 [Note] Event Scheduler: Purging the queue. 0 events
2021-01-22 15:02:19 0 [Note] InnoDB: FTS optimize thread exiting.
2021-01-22 15:02:19 0 [Note] InnoDB: Starting shutdown...
2021-01-22 15:02:19 0 [Note] InnoDB: Dumping buffer pool(s) to C:\Program Files\MariaDB 10.5\data\ib_buffer_pool
2021-01-22 15:02:19 0 [Note] InnoDB: Buffer pool(s) dump completed at 210122 15:02:19
2021-01-22 15:02:19 0 [Note] InnoDB: Shutdown completed; log sequence number 113917; transaction id 236
2021-01-22 15:02:19 0 [Note] InnoDB: Removed temporary tablespace data file: "ibtmp1"
2021-01-22 15:02:19 0 [Note] C:\Program Files\MariaDB 10.5\bin\mysqld.exe: Shutdown complete

InnoDB: using atomic writes.
2021-01-22 15:03:09 0 [Note] InnoDB: Uses event mutexes
2021-01-22 15:03:09 0 [Note] InnoDB: Compressed tables use zlib 1.2.11
2021-01-22 15:03:09 0 [Note] InnoDB: Number of pools: 1
2021-01-22 15:03:09 0 [Note] InnoDB: Using crc32 + pclmulqdq instructions
2021-01-22 15:03:09 0 [Note] InnoDB: Initializing buffer pool, total size = 2147483648, chunk size = 134217728
2021-01-22 15:03:09 0 [Note] InnoDB: Completed initialization of buffer pool
2021-01-22 15:03:09 0 [Note] InnoDB: 128 rollback segments are active.
2021-01-22 15:03:09 0 [Note] InnoDB: Creating shared tablespace for temporary tables
2021-01-22 15:03:09 0 [Note] InnoDB: Setting file '.\ibtmp1' size to 12 MB. Physically writing the file full; Please wait ...
2021-01-22 15:03:09 0 [Note] InnoDB: File '.\ibtmp1' size is now 12 MB.
2021-01-22 15:03:09 0 [Note] InnoDB: 10.5.8 started; log sequence number 113917; transaction id 237
2021-01-22 15:03:09 0 [Note] InnoDB: Loading buffer pool(s) from C:\Program Files\MariaDB 10.5\data\ib_buffer_pool
2021-01-22 15:03:09 0 [Note] Plugin 'FEEDBACK' is disabled.
2021-01-22 15:03:09 0 [Note] InnoDB: Buffer pool(s) load completed at 210122 15:03:09
2021-01-22 15:03:09 0 [Note] Server socket created on IP: '::'.
2021-01-22 15:03:09 0 [Note] Reading of all Master_info entries succeeded
2021-01-22 15:03:09 0 [Note] Added new Master_info '' to hash table
2021-01-22 15:03:09 0 [Note] C:\Program Files\MariaDB 10.5\bin\mysqld.exe: ready for connections.
Version: '10.5.8-MariaDB'  socket: ''  port: 3306  mariadb.org binary distribution
2021-02-16 22:20:17 3 [Warning] Access denied for user 'root'@'localhost' (using password: NO)
2021-02-17  0:07:35 5 [Warning] Access denied for user 'root'@'localhost' (using password: NO)
2021-02-17  7:47:25 4 [Warning] Aborted connection 4 to db: 'irpachatbot' user: 'root' host: 'localhost' (Got an error reading communication packets)
2021-02-17  7:47:28 0 [Note] C:\Program Files\MariaDB 10.5\bin\mysqld.exe (initiated by: unknown): Normal shutdown
2021-02-17  7:47:28 0 [Note] Event Scheduler: Purging the queue. 0 events
2021-02-17  7:47:28 0 [Note] InnoDB: FTS optimize thread exiting.
2021-02-17  7:47:28 0 [Note] InnoDB: Starting shutdown...
2021-02-17  7:47:28 0 [Note] InnoDB: Dumping buffer pool(s) to C:\Program Files\MariaDB 10.5\data\ib_buffer_pool
2021-02-17  7:47:28 0 [Note] InnoDB: Buffer pool(s) dump completed at 210217  7:47:28
2021-02-17  7:47:29 0 [Note] InnoDB: Shutdown completed; log sequence number 116042; transaction id 246
2021-02-17  7:47:29 0 [Note] InnoDB: Removed temporary tablespace data file: "ibtmp1"
2021-02-17  7:47:29 0 [Note] C:\Program Files\MariaDB 10.5\bin\mysqld.exe: Shutdown complete

InnoDB: using atomic writes.
2021-02-17  7:48:16 0 [Note] InnoDB: Uses event mutexes
2021-02-17  7:48:16 0 [Note] InnoDB: Compressed tables use zlib 1.2.11
2021-02-17  7:48:16 0 [Note] InnoDB: Number of pools: 1
2021-02-17  7:48:16 0 [Note] InnoDB: Using crc32 + pclmulqdq instructions
2021-02-17  7:48:16 0 [Note] InnoDB: Initializing buffer pool, total size = 2147483648, chunk size = 134217728
2021-02-17  7:48:16 0 [Note] InnoDB: Completed initialization of buffer pool
2021-02-17  7:48:16 0 [Note] InnoDB: 128 rollback segments are active.
2021-02-17  7:48:16 0 [Note] InnoDB: Creating shared tablespace for temporary tables
2021-02-17  7:48:16 0 [Note] InnoDB: Setting file '.\ibtmp1' size to 12 MB. Physically writing the file full; Please wait ...
2021-02-17  7:48:16 0 [Note] InnoDB: File '.\ibtmp1' size is now 12 MB.
2021-02-17  7:48:16 0 [Note] InnoDB: 10.5.8 started; log sequence number 116042; transaction id 246
2021-02-17  7:48:16 0 [Note] InnoDB: Loading buffer pool(s) from C:\Program Files\MariaDB 10.5\data\ib_buffer_pool
2021-02-17  7:48:16 0 [Note] Plugin 'FEEDBACK' is disabled.
2021-02-17  7:48:16 0 [Note] Server socket created on IP: '::'.
2021-02-17  7:48:16 0 [Note] InnoDB: Buffer pool(s) load completed at 210217  7:48:16
2021-02-17  7:48:16 0 [Note] Reading of all Master_info entries succeeded
2021-02-17  7:48:16 0 [Note] Added new Master_info '' to hash table
2021-02-17  7:48:16 0 [Note] C:\Program Files\MariaDB 10.5\bin\mysqld.exe: ready for connections.
Version: '10.5.8-MariaDB'  socket: ''  port: 3306  mariadb.org binary distribution
InnoDB: using atomic writes.
2021-02-19 18:35:26 0 [Note] InnoDB: Uses event mutexes
2021-02-19 18:35:26 0 [Note] InnoDB: Compressed tables use zlib 1.2.11
2021-02-19 18:35:26 0 [Note] InnoDB: Number of pools: 1
2021-02-19 18:35:26 0 [Note] InnoDB: Using crc32 + pclmulqdq instructions
2021-02-19 18:35:26 0 [Note] InnoDB: Initializing buffer pool, total size = 2147483648, chunk size = 134217728
2021-02-19 18:35:26 0 [Note] InnoDB: Completed initialization of buffer pool
2021-02-19 18:35:26 0 [Note] InnoDB: Starting crash recovery from checkpoint LSN=116042,116042
2021-02-19 18:35:26 0 [Note] InnoDB: 128 rollback segments are active.
2021-02-19 18:35:26 0 [Note] InnoDB: Removed temporary tablespace data file: "ibtmp1"
2021-02-19 18:35:26 0 [Note] InnoDB: Creating shared tablespace for temporary tables
2021-02-19 18:35:26 0 [Note] InnoDB: Setting file '.\ibtmp1' size to 12 MB. Physically writing the file full; Please wait ...
2021-02-19 18:35:26 0 [Note] InnoDB: File '.\ibtmp1' size is now 12 MB.
2021-02-19 18:35:26 0 [Note] InnoDB: 10.5.8 started; log sequence number 116054; transaction id 246
2021-02-19 18:35:26 0 [Note] Plugin 'FEEDBACK' is disabled.
2021-02-19 18:35:26 0 [Note] InnoDB: Loading buffer pool(s) from C:\Program Files\MariaDB 10.5\data\ib_buffer_pool
2021-02-19 18:35:26 0 [Note] Server socket created on IP: '::'.
2021-02-19 18:35:26 0 [Note] InnoDB: Buffer pool(s) load completed at 210219 18:35:26
2021-02-19 18:35:26 0 [Note] Reading of all Master_info entries succeeded
2021-02-19 18:35:26 0 [Note] Added new Master_info '' to hash table
2021-02-19 18:35:26 0 [Note] C:\Program Files\MariaDB 10.5\bin\mysqld.exe: ready for connections.
Version: '10.5.8-MariaDB'  socket: ''  port: 3306  mariadb.org binary distribution
2021-02-19 18:37:19 0 [Note] C:\Program Files\MariaDB 10.5\bin\mysqld.exe (initiated by: unknown): Normal shutdown
2021-02-19 18:37:19 0 [Note] Event Scheduler: Purging the queue. 0 events
2021-02-19 18:37:19 0 [Note] InnoDB: FTS optimize thread exiting.
2021-02-19 18:37:19 0 [Note] InnoDB: Starting shutdown...
2021-02-19 18:37:19 0 [Note] InnoDB: Dumping buffer pool(s) to C:\Program Files\MariaDB 10.5\data\ib_buffer_pool
2021-02-19 18:37:19 0 [Note] InnoDB: Buffer pool(s) dump completed at 210219 18:37:19
2021-02-19 18:37:19 0 [Note] InnoDB: Shutdown completed; log sequence number 116066; transaction id 247
2021-02-19 18:37:19 0 [Note] InnoDB: Removed temporary tablespace data file: "ibtmp1"
2021-02-19 18:37:19 0 [Note] C:\Program Files\MariaDB 10.5\bin\mysqld.exe: Shutdown complete

InnoDB: using atomic writes.
2021-02-19 18:37:50 0 [Note] InnoDB: Uses event mutexes
2021-02-19 18:37:50 0 [Note] InnoDB: Compressed tables use zlib 1.2.11
2021-02-19 18:37:50 0 [Note] InnoDB: Number of pools: 1
2021-02-19 18:37:50 0 [Note] InnoDB: Using crc32 + pclmulqdq instructions
2021-02-19 18:37:50 0 [Note] InnoDB: Initializing buffer pool, total size = 2147483648, chunk size = 134217728
2021-02-19 18:37:51 0 [Note] InnoDB: Completed initialization of buffer pool
2021-02-19 18:37:51 0 [Note] InnoDB: 128 rollback segments are active.
2021-02-19 18:37:51 0 [Note] InnoDB: Creating shared tablespace for temporary tables
2021-02-19 18:37:51 0 [Note] InnoDB: Setting file '.\ibtmp1' size to 12 MB. Physically writing the file full; Please wait ...
2021-02-19 18:37:51 0 [Note] InnoDB: File '.\ibtmp1' size is now 12 MB.
2021-02-19 18:37:51 0 [Note] InnoDB: 10.5.8 started; log sequence number 116066; transaction id 246
2021-02-19 18:37:51 0 [Note] Plugin 'FEEDBACK' is disabled.
2021-02-19 18:37:51 0 [Note] InnoDB: Loading buffer pool(s) from C:\Program Files\MariaDB 10.5\data\ib_buffer_pool
2021-02-19 18:37:51 0 [Note] InnoDB: Buffer pool(s) load completed at 210219 18:37:51
2021-02-19 18:37:51 0 [Note] Server socket created on IP: '::'.
2021-02-19 18:37:51 0 [Note] Reading of all Master_info entries succeeded
2021-02-19 18:37:51 0 [Note] Added new Master_info '' to hash table
2021-02-19 18:37:51 0 [Note] C:\Program Files\MariaDB 10.5\bin\mysqld.exe: ready for connections.
Version: '10.5.8-MariaDB'  socket: ''  port: 3306  mariadb.org binary distribution
2021-03-14 19:57:37 5 [Warning] Access denied for user 'root'@'localhost' (using password: YES)
2021-03-14 20:29:22 6 [Warning] Aborted connection 6 to db: 'unconnected' user: 'root' host: 'localhost' (Got an error reading communication packets)
2021-03-15  4:27:03 8 [Warning] Aborted connection 8 to db: 'irpachatbot' user: 'root' host: 'localhost' (Got timeout reading communication packets)
2021-03-17 15:07:38 9 [Warning] Aborted connection 9 to db: 'unconnected' user: 'root' host: 'localhost' (Got an error reading communication packets)
2021-03-18 14:11:49 11 [Warning] Access denied for user '-root'@'localhost' (using password: YES)
2021-03-18 14:11:53 12 [Warning] Access denied for user '-root'@'localhost' (using password: YES)
2021-03-18 14:12:01 13 [Warning] Access denied for user '-root'@'localhost' (using password: YES)
2021-03-18 14:12:26 14 [Warning] Access denied for user '-root'@'localhost' (using password: NO)
2021-03-18 14:12:43 15 [Warning] Access denied for user '-root'@'localhost' (using password: NO)
2021-03-18 14:12:55 16 [Warning] Access denied for user '-root'@'localhost' (using password: YES)
2021-03-18 14:14:18 17 [Warning] Access denied for user 'shengj1'@'localhost' (using password: NO)
2021-03-18 14:14:26 18 [Warning] Access denied for user 'shengj1'@'localhost' (using password: YES)
2021-03-18 14:14:33 19 [Warning] Access denied for user 'shengj1'@'localhost' (using password: YES)
2021-03-18 14:15:27 20 [Warning] Access denied for user 'deveoper'@'localhost' (using password: YES)
2021-03-18 14:30:25 23 [Warning] Access denied for user 'root'@'localhost' (using password: NO)
2021-03-18 14:46:58 31 [Warning] Access denied for user 'developer'@'localhost' (using password: YES)
2021-03-18 15:28:55 22 [Warning] Aborted connection 22 to db: 'unconnected' user: 'root' host: 'localhost' (Got an error reading communication packets)
2021-03-18 15:32:05 34 [Warning] Aborted connection 34 to db: 'irpachatbot' user: 'developer' host: 'localhost' (Got an error reading communication packets)
2021-03-19 13:22:20 37 [Warning] Access denied for user 'developer'@'localhost' (using password: NO)
2021-03-19 13:37:01 39 [Warning] Aborted connection 39 to db: 'irpachatbot' user: 'developer' host: 'localhost' (Got an error reading communication packets)
2021-03-19 13:41:18 42 [Warning] Aborted connection 42 to db: 'irpachatbot' user: 'developer' host: 'localhost' (Got an error reading communication packets)
